[19-Dec-2024 15:56:06 UTC] PHP Warning:  Undefined array key "text-1" in /home/u201755262/domains/magnesiusai.com/public_html/wp-content/themes/generatepress-child/functions.php on line 10
[19-Dec-2024 15:56:06 UTC] PHP Warning:  Trying to access array offset on value of type null in /home/u201755262/domains/magnesiusai.com/public_html/wp-content/themes/generatepress-child/functions.php on line 10
[19-Dec-2024 15:56:06 UTC] Form ID: 8
[19-Dec-2024 15:56:06 UTC] Submitted Code: 
[19-Dec-2024 15:56:28 UTC] PHP Warning:  Undefined array key "text-1" in /home/u201755262/domains/magnesiusai.com/public_html/wp-content/themes/generatepress-child/functions.php on line 10
[19-Dec-2024 15:56:28 UTC] PHP Warning:  Trying to access array offset on value of type null in /home/u201755262/domains/magnesiusai.com/public_html/wp-content/themes/generatepress-child/functions.php on line 10
[19-Dec-2024 15:56:28 UTC] Form ID: 8
[19-Dec-2024 15:56:28 UTC] Submitted Code: 
[19-Dec-2024 15:56:35 UTC] PHP Warning:  Undefined array key "text-1" in /home/u201755262/domains/magnesiusai.com/public_html/wp-content/themes/generatepress-child/functions.php on line 10
[19-Dec-2024 15:56:35 UTC] PHP Warning:  Trying to access array offset on value of type null in /home/u201755262/domains/magnesiusai.com/public_html/wp-content/themes/generatepress-child/functions.php on line 10
[19-Dec-2024 15:56:35 UTC] Form ID: 8
[19-Dec-2024 15:56:35 UTC] Submitted Code: 
[19-Dec-2024 15:58:05 UTC] PHP Warning:  Undefined array key "text-1" in /home/u201755262/domains/magnesiusai.com/public_html/wp-content/themes/generatepress-child/functions.php on line 10
[19-Dec-2024 15:58:05 UTC] PHP Warning:  Trying to access array offset on value of type null in /home/u201755262/domains/magnesiusai.com/public_html/wp-content/themes/generatepress-child/functions.php on line 10
[19-Dec-2024 15:58:05 UTC] Form ID: 8
[19-Dec-2024 15:58:05 UTC] Submitted Code: 
[19-Dec-2024 15:58:08 UTC] PHP Warning:  Undefined array key "text-1" in /home/u201755262/domains/magnesiusai.com/public_html/wp-content/themes/generatepress-child/functions.php on line 10
[19-Dec-2024 15:58:08 UTC] PHP Warning:  Trying to access array offset on value of type null in /home/u201755262/domains/magnesiusai.com/public_html/wp-content/themes/generatepress-child/functions.php on line 10
[19-Dec-2024 15:58:08 UTC] Form ID: 8
[19-Dec-2024 15:58:08 UTC] Submitted Code: 
[19-Dec-2024 16:05:41 UTC] PHP Warning:  Undefined array key "text-1" in /home/u201755262/domains/magnesiusai.com/public_html/wp-content/themes/generatepress-child/functions.php on line 10
[19-Dec-2024 16:05:41 UTC] PHP Warning:  Trying to access array offset on value of type null in /home/u201755262/domains/magnesiusai.com/public_html/wp-content/themes/generatepress-child/functions.php on line 10
[19-Dec-2024 16:05:41 UTC] Form ID: 8
[19-Dec-2024 16:05:41 UTC] Submitted Code: 
[19-Dec-2024 16:06:03 UTC] PHP Warning:  Undefined array key "text-1" in /home/u201755262/domains/magnesiusai.com/public_html/wp-content/themes/generatepress-child/functions.php on line 10
[19-Dec-2024 16:06:03 UTC] PHP Warning:  Trying to access array offset on value of type null in /home/u201755262/domains/magnesiusai.com/public_html/wp-content/themes/generatepress-child/functions.php on line 10
[19-Dec-2024 16:06:03 UTC] Form ID: 8
[19-Dec-2024 16:06:03 UTC] Submitted Code: 
[19-Dec-2024 16:09:53 UTC] Form ID: 8
[19-Dec-2024 16:09:53 UTC] Submitted Code: TEST123
[19-Dec-2024 16:10:01 UTC] Form ID: 8
[19-Dec-2024 16:10:01 UTC] Submitted Code: TEST123
[19-Dec-2024 16:15:13 UTC] Form ID: 8
[19-Dec-2024 16:15:13 UTC] Submitted Code: TEST123
[19-Dec-2024 16:15:16 UTC] Form ID: 8
[19-Dec-2024 16:15:16 UTC] Submitted Code: TEST123
